[1m============================= test session starts ==============================[0m
platform linux -- Python 3.13.5, pytest-8.4.2, pluggy-1.5.0 -- /home/zesky/miniconda/bin/python
cachedir: .pytest_cache
metadata: {'Python': '3.13.5', 'Platform': 'Linux-6.6.87.2-microsoft-standard-WSL2-x86_64-with-glibc2.39', 'Packages': {'pytest': '8.4.2', 'pluggy': '1.5.0'}, 'Plugins': {'asyncio': '1.2.0', 'mock': '3.15.1', 'langsmith': '0.3.45', 'anyio': '4.11.0', 'cov': '7.0.0', 'metadata': '3.1.1', 'hypothesis': '6.148.5', 'html': '4.1.1', 'hydra-core': '1.3.2'}}
hypothesis profile 'default'
rootdir: /mnt/d/progress/The-First-Claim
configfile: pytest.ini
plugins: asyncio-1.2.0, mock-3.15.1, langsmith-0.3.45, anyio-4.11.0, cov-7.0.0, metadata-3.1.1, hypothesis-6.148.5, html-4.1.1, hydra-core-1.3.2
asyncio: mode=Mode.STRICT, debug=False, asyncio_default_fixture_loop_scope=None, asyncio_default_test_loop_scope=function
[1mcollecting ... [0mcollected 33 items

tests/test_performance_benchmarks.py::TestPerformanceBenchmarks::test_session_creation_performance [32mPASSED[0m[33m [  3%][0m
tests/test_performance_benchmarks.py::TestPerformanceBenchmarks::test_claim_submission_performance [32mPASSED[0m[33m [  6%][0m
tests/test_performance_benchmarks.py::TestPerformanceBenchmarks::test_bulk_session_creation_throughput [32mPASSED[0m[33m [  9%][0m
tests/test_performance_benchmarks.py::TestPerformanceBenchmarks::test_memory_efficiency_on_session_creation [32mPASSED[0m[33m [ 12%][0m
tests/test_performance_benchmarks.py::TestPerformanceBenchmarks::test_concurrent_session_handling_performance [31mFAILED[0m[31m [ 15%][0m
tests/test_performance_benchmarks.py::TestPerformanceBenchmarks::test_response_time_percentiles [32mPASSED[0m[31m [ 18%][0m
tests/test_performance_benchmarks.py::TestLoadTesting::test_sustained_load_1_minute [32mPASSED[0m[31m [ 21%][0m
tests/test_performance_benchmarks.py::TestLoadTesting::test_spike_test [32mPASSED[0m[31m [ 24%][0m
tests/test_performance_benchmarks.py::TestStressLimits::test_extremely_long_claim_handling [32mPASSED[0m[31m [ 27%][0m
tests/test_performance_benchmarks.py::TestStressLimits::test_many_claims_per_session [31mFAILED[0m[31m [ 30%][0m
tests/test_security_scan.py::TestSecurityStaticAnalysis::test_no_hardcoded_secrets [32mPASSED[0m[31m [ 33%][0m
tests/test_security_scan.py::TestSecurityStaticAnalysis::test_no_dangerous_imports [31mFAILED[0m[31m [ 36%][0m
tests/test_security_scan.py::TestSecurityStaticAnalysis::test_input_validation_presence [31mFAILED[0m[31m [ 39%][0m
tests/test_security_scan.py::TestSecurityStaticAnalysis::test_no_sql_injection_patterns [32mPASSED[0m[31m [ 42%][0m
tests/test_security_scan.py::TestSecurityRuntimeValidation::test_player_name_input_sanitization [32mPASSED[0m[31m [ 45%][0m
tests/test_security_scan.py::TestSecurityRuntimeValidation::test_claim_text_input_validation [32mPASSED[0m[31m [ 48%][0m
tests/test_security_scan.py::TestSecurityRuntimeValidation::test_session_id_format_validation [32mPASSED[0m[31m [ 51%][0m
tests/test_security_scan.py::TestSecurityHeaders::test_required_security_headers_documented [32mPASSED[0m[31m [ 54%][0m
tests/test_security_scan.py::TestDependencyVulnerabilities::test_requirements_exist [32mPASSED[0m[31m [ 57%][0m
tests/test_security_scan.py::TestDependencyVulnerabilities::test_pinned_versions [31mFAILED[0m[31m [ 60%][0m
tests/test_compatibility.py::TestPythonVersionCompatibility::test_python_version_support [31mFAILED[0m[31m [ 63%][0m
tests/test_compatibility.py::TestPythonVersionCompatibility::test_builtin_modules_available [32mPASSED[0m[31m [ 66%][0m
tests/test_compatibility.py::TestPythonVersionCompatibility::test_typing_annotations_compatibility [32mPASSED[0m[31m [ 69%][0m
tests/test_compatibility.py::TestOperatingSystemCompatibility::test_platform_detection [32mPASSED[0m[31m [ 72%][0m
tests/test_compatibility.py::TestOperatingSystemCompatibility::test_path_operations_cross_platform [32mPASSED[0m[31m [ 75%][0m
tests/test_compatibility.py::TestOperatingSystemCompatibility::test_file_encoding_compatibility [32mPASSED[0m[31m [ 78%][0m
tests/test_compatibility.py::TestDependencyCompatibility::test_core_dependencies_available [32mPASSED[0m[31m [ 81%][0m
tests/test_compatibility.py::TestDependencyCompatibility::test_feature_support_with_optional_dependencies [32mPASSED[0m[31m [ 84%][0m
tests/test_compatibility.py::TestGameEngineCompatibility::test_session_creation_consistent_across_runs [32mPASSED[0m[31m [ 87%][0m
tests/test_compatibility.py::TestGameEngineCompatibility::test_unicode_handling_in_game_elements [32mPASSED[0m[31m [ 90%][0m
tests/test_compatibility.py::TestGameEngineCompatibility::test_locale_independent_operations [32mPASSED[0m[31m [ 93%][0m
tests/test_compatibility.py::TestDataFormatCompatibility::test_json_serialization_compatibility [32mPASSED[0m[31m [ 96%][0m
tests/test_compatibility.py::TestDataFormatCompatibility::test_timestamp_format_consistency [32mPASSED[0m[31m [100%][0m

=================================== FAILURES ===================================
[31m[1m____ TestPerformanceBenchmarks.test_concurrent_session_handling_performance ____[0m
[1m[31mtests/test_performance_benchmarks.py[0m:197: in test_concurrent_session_handling_performance
    [0m[94massert[39;49;00m result [95mis[39;49;00m [94mTrue[39;49;00m[90m[39;49;00m
[1m[31mE   assert False is True[0m
----------------------------- Captured stderr call -----------------------------
[INFO] 2025-12-04 14:29:54 - test_performance: {"timestamp": "2025-12-04T05:29:54.485988", "level": "INFO", "logger": "test_performance", "message": "ë™ì‹œ ì„¸ì…˜ ì²˜ë¦¬ ì„±ëŠ¥ í…ŒìŠ¤íŠ¸ ì‹œì‘"}
[INFO] 2025-12-04 14:29:54 - test_performance: {"timestamp": "2025-12-04T05:29:54.485988", "level": "INFO", "logger": "test_performance", "message": "ë™ì‹œ ì„¸ì…˜ ì²˜ë¦¬ ì„±ëŠ¥ í…ŒìŠ¤íŠ¸ ì‹œì‘"}
[INFO] 2025-12-04 14:29:54 - test_performance: {"timestamp": "2025-12-04T05:29:54.485988", "level": "INFO", "logger": "test_performance", "message": "ë™ì‹œ ì„¸ì…˜ ì²˜ë¦¬ ì„±ëŠ¥ í…ŒìŠ¤íŠ¸ ì‹œì‘"}
[INFO] 2025-12-04 14:29:54 - test_performance: {"timestamp": "2025-12-04T05:29:54.485988", "level": "INFO", "logger": "test_performance", "message": "ë™ì‹œ ì„¸ì…˜ ì²˜ë¦¬ ì„±ëŠ¥ í…ŒìŠ¤íŠ¸ ì‹œì‘"}
[INFO] 2025-12-04 14:29:54 - test_performance: {"timestamp": "2025-12-04T05:29:54.485988", "level": "INFO", "logger": "test_performance", "message": "ë™ì‹œ ì„¸ì…˜ ì²˜ë¦¬ ì„±ëŠ¥ í…ŒìŠ¤íŠ¸ ì‹œì‘"}
[ERROR] 2025-12-04 14:29:54 - test_performance: {"timestamp": "2025-12-04T05:29:54.487283", "level": "ERROR", "logger": "test_performance", "message": "ë™ì‹œ ì„¸ì…˜ ì²˜ë¦¬ ì„±ëŠ¥ í…ŒìŠ¤íŠ¸ ì‹¤íŒ¨", "error": {"type": "AssertionError", "message": "assert False is True", "traceback": "Traceback (most recent call last):\n  File \"/mnt/d/progress/The-First-Claim/tests/test_performance_benchmarks.py\", line 197, in test_concurrent_session_handling_performance\n    assert result is True\nAssertionError: assert False is True\n"}}
[ERROR] 2025-12-04 14:29:54 - test_performance: {"timestamp": "2025-12-04T05:29:54.487283", "level": "ERROR", "logger": "test_performance", "message": "ë™ì‹œ ì„¸ì…˜ ì²˜ë¦¬ ì„±ëŠ¥ í…ŒìŠ¤íŠ¸ ì‹¤íŒ¨", "error": {"type": "AssertionError", "message": "assert False is True", "traceback": "Traceback (most recent call last):\n  File \"/mnt/d/progress/The-First-Claim/tests/test_performance_benchmarks.py\", line 197, in test_concurrent_session_handling_performance\n    assert result is True\nAssertionError: assert False is True\n"}}
[ERROR] 2025-12-04 14:29:54 - test_performance: {"timestamp": "2025-12-04T05:29:54.487283", "level": "ERROR", "logger": "test_performance", "message": "ë™ì‹œ ì„¸ì…˜ ì²˜ë¦¬ ì„±ëŠ¥ í…ŒìŠ¤íŠ¸ ì‹¤íŒ¨", "error": {"type": "AssertionError", "message": "assert False is True", "traceback": "Traceback (most recent call last):\n  File \"/mnt/d/progress/The-First-Claim/tests/test_performance_benchmarks.py\", line 197, in test_concurrent_session_handling_performance\n    assert result is True\nAssertionError: assert False is True\n"}}
[ERROR] 2025-12-04 14:29:54 - test_performance: {"timestamp": "2025-12-04T05:29:54.487283", "level": "ERROR", "logger": "test_performance", "message": "ë™ì‹œ ì„¸ì…˜ ì²˜ë¦¬ ì„±ëŠ¥ í…ŒìŠ¤íŠ¸ ì‹¤íŒ¨", "error": {"type": "AssertionError", "message": "assert False is True", "traceback": "Traceback (most recent call last):\n  File \"/mnt/d/progress/The-First-Claim/tests/test_performance_benchmarks.py\", line 197, in test_concurrent_session_handling_performance\n    assert result is True\nAssertionError: assert False is True\n"}}
[ERROR] 2025-12-04 14:29:54 - test_performance: {"timestamp": "2025-12-04T05:29:54.487283", "level": "ERROR", "logger": "test_performance", "message": "ë™ì‹œ ì„¸ì…˜ ì²˜ë¦¬ ì„±ëŠ¥ í…ŒìŠ¤íŠ¸ ì‹¤íŒ¨", "error": {"type": "AssertionError", "message": "assert False is True", "traceback": "Traceback (most recent call last):\n  File \"/mnt/d/progress/The-First-Claim/tests/test_performance_benchmarks.py\", line 197, in test_concurrent_session_handling_performance\n    assert result is True\nAssertionError: assert False is True\n"}}
------------------------------ Captured log call -------------------------------
[32mINFO    [0m test_performance:logger.py:149 {"timestamp": "2025-12-04T05:29:54.485988", "level": "INFO", "logger": "test_performance", "message": "ë™ì‹œ ì„¸ì…˜ ì²˜ë¦¬ ì„±ëŠ¥ í…ŒìŠ¤íŠ¸ ì‹œì‘"}
[31m[1mERROR   [0m test_performance:logger.py:187 {"timestamp": "2025-12-04T05:29:54.487283", "level": "ERROR", "logger": "test_performance", "message": "ë™ì‹œ ì„¸ì…˜ ì²˜ë¦¬ ì„±ëŠ¥ í…ŒìŠ¤íŠ¸ ì‹¤íŒ¨", "error": {"type": "AssertionError", "message": "assert False is True", "traceback": "Traceback (most recent call last):\n  File \"/mnt/d/progress/The-First-Claim/tests/test_performance_benchmarks.py\", line 197, in test_concurrent_session_handling_performance\n    assert result is True\nAssertionError: assert False is True\n"}}
[31m[1m________________ TestStressLimits.test_many_claims_per_session _________________[0m
[1m[31mtests/test_performance_benchmarks.py[0m:442: in test_many_claims_per_session
    [0m[94massert[39;49;00m [96mlen[39;49;00m(session.claims) == num_claims[90m[39;49;00m
[1m[31mE   AssertionError: assert 0 == 50[0m
[1m[31mE    +  where 0 = len([])[0m
[1m[31mE    +    where [] = GameSession(session_id='stress_many_claims', player='\ub2e4\ub7c9\ud14c\uc2a4\ud130', status=idle).claims[0m
----------------------------- Captured stderr call -----------------------------
[INFO] 2025-12-04 14:29:59 - test_stress: {"timestamp": "2025-12-04T05:29:59.932411", "level": "INFO", "logger": "test_stress", "message": "ë‹¤ëŸ‰ ì²­êµ¬í•­ ì œì¶œ í…ŒìŠ¤íŠ¸ ì‹œì‘"}
[INFO] 2025-12-04 14:29:59 - test_stress: {"timestamp": "2025-12-04T05:29:59.932411", "level": "INFO", "logger": "test_stress", "message": "ë‹¤ëŸ‰ ì²­êµ¬í•­ ì œì¶œ í…ŒìŠ¤íŠ¸ ì‹œì‘"}
[INFO] 2025-12-04 14:29:59 - test_stress: {"timestamp": "2025-12-04T05:29:59.933049", "level": "INFO", "logger": "test_stress", "message": "ë‹¤ëŸ‰ ì²­êµ¬í•­ ì œì¶œ ì™„ë£Œ", "context": {"total_claims": 50, "total_time_ms": 0.010314997780369595, "avg_time_per_claim_ms": 0.0002062999556073919}}
[INFO] 2025-12-04 14:29:59 - test_stress: {"timestamp": "2025-12-04T05:29:59.933049", "level": "INFO", "logger": "test_stress", "message": "ë‹¤ëŸ‰ ì²­êµ¬í•­ ì œì¶œ ì™„ë£Œ", "context": {"total_claims": 50, "total_time_ms": 0.010314997780369595, "avg_time_per_claim_ms": 0.0002062999556073919}}
[ERROR] 2025-12-04 14:29:59 - test_stress: {"timestamp": "2025-12-04T05:29:59.933916", "level": "ERROR", "logger": "test_stress", "message": "ë‹¤ëŸ‰ ì²­êµ¬í•­ í…ŒìŠ¤íŠ¸ ì‹¤íŒ¨", "error": {"type": "AssertionError", "message": "assert 0 == 50\n +  where 0 = len([])\n +    where [] = GameSession(session_id='stress_many_claims', player='\\ub2e4\\ub7c9\\ud14c\\uc2a4\\ud130', status=idle).claims", "traceback": "Traceback (most recent call last):\n  File \"/mnt/d/progress/The-First-Claim/tests/test_performance_benchmarks.py\", line 442, in test_many_claims_per_session\n    assert len(session.claims) == num_claims\nAssertionError: assert 0 == 50\n +  where 0 = len([])\n +    where [] = GameSession(session_id='stress_many_claims', player='\\ub2e4\\ub7c9\\ud14c\\uc2a4\\ud130', status=idle).claims\n"}}
[ERROR] 2025-12-04 14:29:59 - test_stress: {"timestamp": "2025-12-04T05:29:59.933916", "level": "ERROR", "logger": "test_stress", "message": "ë‹¤ëŸ‰ ì²­êµ¬í•­ í…ŒìŠ¤íŠ¸ ì‹¤íŒ¨", "error": {"type": "AssertionError", "message": "assert 0 == 50\n +  where 0 = len([])\n +    where [] = GameSession(session_id='stress_many_claims', player='\\ub2e4\\ub7c9\\ud14c\\uc2a4\\ud130', status=idle).claims", "traceback": "Traceback (most recent call last):\n  File \"/mnt/d/progress/The-First-Claim/tests/test_performance_benchmarks.py\", line 442, in test_many_claims_per_session\n    assert len(session.claims) == num_claims\nAssertionError: assert 0 == 50\n +  where 0 = len([])\n +    where [] = GameSession(session_id='stress_many_claims', player='\\ub2e4\\ub7c9\\ud14c\\uc2a4\\ud130', status=idle).claims\n"}}
------------------------------ Captured log call -------------------------------
[32mINFO    [0m test_stress:logger.py:149 {"timestamp": "2025-12-04T05:29:59.932411", "level": "INFO", "logger": "test_stress", "message": "ë‹¤ëŸ‰ ì²­êµ¬í•­ ì œì¶œ í…ŒìŠ¤íŠ¸ ì‹œì‘"}
[32mINFO    [0m test_stress:logger.py:149 {"timestamp": "2025-12-04T05:29:59.933049", "level": "INFO", "logger": "test_stress", "message": "ë‹¤ëŸ‰ ì²­êµ¬í•­ ì œì¶œ ì™„ë£Œ", "context": {"total_claims": 50, "total_time_ms": 0.010314997780369595, "avg_time_per_claim_ms": 0.0002062999556073919}}
[31m[1mERROR   [0m test_stress:logger.py:187 {"timestamp": "2025-12-04T05:29:59.933916", "level": "ERROR", "logger": "test_stress", "message": "ë‹¤ëŸ‰ ì²­êµ¬í•­ í…ŒìŠ¤íŠ¸ ì‹¤íŒ¨", "error": {"type": "AssertionError", "message": "assert 0 == 50\n +  where 0 = len([])\n +    where [] = GameSession(session_id='stress_many_claims', player='\\ub2e4\\ub7c9\\ud14c\\uc2a4\\ud130', status=idle).claims", "traceback": "Traceback (most recent call last):\n  File \"/mnt/d/progress/The-First-Claim/tests/test_performance_benchmarks.py\", line 442, in test_many_claims_per_session\n    assert len(session.claims) == num_claims\nAssertionError: assert 0 == 50\n +  where 0 = len([])\n +    where [] = GameSession(session_id='stress_many_claims', player='\\ub2e4\\ub7c9\\ud14c\\uc2a4\\ud130', status=idle).claims\n"}}
[31m[1m_____________ TestSecurityStaticAnalysis.test_no_dangerous_imports _____________[0m
[1m[31mtests/test_security_scan.py[0m:119: in test_no_dangerous_imports
    [0m[94massert[39;49;00m [96mlen[39;49;00m(found_dangerous) == [94m0[39;49;00m, [33mf[39;49;00m[33m"[39;49;00m[33më°œê²¬ëœ ìœ„í—˜í•œ import: [39;49;00m[33m{[39;49;00mfound_dangerous[33m}[39;49;00m[33m"[39;49;00m[90m[39;49;00m
[1m[31mE   AssertionError: ë°œê²¬ëœ ìœ„í—˜í•œ import: [{'file': 'src/ui/game.py', 'line': 16, 'import': 'eval', 'code': 'from ..dsl.logic.evaluator import PatentabilityEvaluator'}, {'file': 'src/ui/game.py', 'line': 17, 'import': 'eval', 'code': 'from ..dsl.logic.llm_evaluator import LLMClaimEvaluator, get_llm_evaluator'}][0m
[1m[31mE   assert 2 == 0[0m
[1m[31mE    +  where 2 = len([{'file': 'src/ui/game.py', 'line': 16, 'import': 'eval', 'code': 'from ..dsl.logic.evaluator import PatentabilityEvaluator'}, {'file': 'src/ui/game.py', 'line': 17, 'import': 'eval', 'code': 'from ..dsl.logic.llm_evaluator import LLMClaimEvaluator, get_llm_evaluator'}])[0m
----------------------------- Captured stderr call -----------------------------
[INFO] 2025-12-04 14:30:00 - test_security_static: {"timestamp": "2025-12-04T05:30:00.345232", "level": "INFO", "logger": "test_security_static", "message": "ìœ„í—˜í•œ import ê²€ì‚¬ ì‹œì‘"}
[INFO] 2025-12-04 14:30:00 - test_security_static: {"timestamp": "2025-12-04T05:30:00.345232", "level": "INFO", "logger": "test_security_static", "message": "ìœ„í—˜í•œ import ê²€ì‚¬ ì‹œì‘"}
[INFO] 2025-12-04 14:30:00 - test_security_static: {"timestamp": "2025-12-04T05:30:00.628071", "level": "INFO", "logger": "test_security_static", "message": "ìœ„í—˜í•œ import ê²€ì‚¬ ì™„ë£Œ", "context": {"files_scanned": 19, "dangerous_found": 2}}
[INFO] 2025-12-04 14:30:00 - test_security_static: {"timestamp": "2025-12-04T05:30:00.628071", "level": "INFO", "logger": "test_security_static", "message": "ìœ„í—˜í•œ import ê²€ì‚¬ ì™„ë£Œ", "context": {"files_scanned": 19, "dangerous_found": 2}}
[ERROR] 2025-12-04 14:30:00 - test_security_static: {"timestamp": "2025-12-04T05:30:00.629127", "level": "ERROR", "logger": "test_security_static", "message": "ìœ„í—˜í•œ import ê²€ì‚¬ ì‹¤íŒ¨", "error": {"type": "AssertionError", "message": "ë°œê²¬ëœ ìœ„í—˜í•œ import: [{'file': 'src/ui/game.py', 'line': 16, 'import': 'eval', 'code': 'from ..dsl.logic.evaluator import PatentabilityEvaluator'}, {'file': 'src/ui/game.py', 'line': 17, 'import': 'eval', 'code': 'from ..dsl.logic.llm_evaluator import LLMClaimEvaluator, get_llm_evaluator'}]\nassert 2 == 0\n +  where 2 = len([{'file': 'src/ui/game.py', 'line': 16, 'import': 'eval', 'code': 'from ..dsl.logic.evaluator import PatentabilityEvaluator'}, {'file': 'src/ui/game.py', 'line': 17, 'import': 'eval', 'code': 'from ..dsl.logic.llm_evaluator import LLMClaimEvaluator, get_llm_evaluator'}])", "traceback": "Traceback (most recent call last):\n  File \"/mnt/d/progress/The-First-Claim/tests/test_security_scan.py\", line 119, in test_no_dangerous_imports\n    assert len(found_dangerous) == 0, f\"ë°œê²¬ëœ ìœ„í—˜í•œ import: {found_dangerous}\"\nAssertionError: ë°œê²¬ëœ ìœ„í—˜í•œ import: [{'file': 'src/ui/game.py', 'line': 16, 'import': 'eval', 'code': 'from ..dsl.logic.evaluator import PatentabilityEvaluator'}, {'file': 'src/ui/game.py', 'line': 17, 'import': 'eval', 'code': 'from ..dsl.logic.llm_evaluator import LLMClaimEvaluator, get_llm_evaluator'}]\nassert 2 == 0\n +  where 2 = len([{'file': 'src/ui/game.py', 'line': 16, 'import': 'eval', 'code': 'from ..dsl.logic.evaluator import PatentabilityEvaluator'}, {'file': 'src/ui/game.py', 'line': 17, 'import': 'eval', 'code': 'from ..dsl.logic.llm_evaluator import LLMClaimEvaluator, get_llm_evaluator'}])\n"}}
[ERROR] 2025-12-04 14:30:00 - test_security_static: {"timestamp": "2025-12-04T05:30:00.629127", "level": "ERROR", "logger": "test_security_static", "message": "ìœ„í—˜í•œ import ê²€ì‚¬ ì‹¤íŒ¨", "error": {"type": "AssertionError", "message": "ë°œê²¬ëœ ìœ„í—˜í•œ import: [{'file': 'src/ui/game.py', 'line': 16, 'import': 'eval', 'code': 'from ..dsl.logic.evaluator import PatentabilityEvaluator'}, {'file': 'src/ui/game.py', 'line': 17, 'import': 'eval', 'code': 'from ..dsl.logic.llm_evaluator import LLMClaimEvaluator, get_llm_evaluator'}]\nassert 2 == 0\n +  where 2 = len([{'file': 'src/ui/game.py', 'line': 16, 'import': 'eval', 'code': 'from ..dsl.logic.evaluator import PatentabilityEvaluator'}, {'file': 'src/ui/game.py', 'line': 17, 'import': 'eval', 'code': 'from ..dsl.logic.llm_evaluator import LLMClaimEvaluator, get_llm_evaluator'}])", "traceback": "Traceback (most recent call last):\n  File \"/mnt/d/progress/The-First-Claim/tests/test_security_scan.py\", line 119, in test_no_dangerous_imports\n    assert len(found_dangerous) == 0, f\"ë°œê²¬ëœ ìœ„í—˜í•œ import: {found_dangerous}\"\nAssertionError: ë°œê²¬ëœ ìœ„í—˜í•œ import: [{'file': 'src/ui/game.py', 'line': 16, 'import': 'eval', 'code': 'from ..dsl.logic.evaluator import PatentabilityEvaluator'}, {'file': 'src/ui/game.py', 'line': 17, 'import': 'eval', 'code': 'from ..dsl.logic.llm_evaluator import LLMClaimEvaluator, get_llm_evaluator'}]\nassert 2 == 0\n +  where 2 = len([{'file': 'src/ui/game.py', 'line': 16, 'import': 'eval', 'code': 'from ..dsl.logic.evaluator import PatentabilityEvaluator'}, {'file': 'src/ui/game.py', 'line': 17, 'import': 'eval', 'code': 'from ..dsl.logic.llm_evaluator import LLMClaimEvaluator, get_llm_evaluator'}])\n"}}
------------------------------ Captured log call -------------------------------
[32mINFO    [0m test_security_static:logger.py:149 {"timestamp": "2025-12-04T05:30:00.345232", "level": "INFO", "logger": "test_security_static", "message": "ìœ„í—˜í•œ import ê²€ì‚¬ ì‹œì‘"}
[32mINFO    [0m test_security_static:logger.py:149 {"timestamp": "2025-12-04T05:30:00.628071", "level": "INFO", "logger": "test_security_static", "message": "ìœ„í—˜í•œ import ê²€ì‚¬ ì™„ë£Œ", "context": {"files_scanned": 19, "dangerous_found": 2}}
[31m[1mERROR   [0m test_security_static:logger.py:187 {"timestamp": "2025-12-04T05:30:00.629127", "level": "ERROR", "logger": "test_security_static", "message": "ìœ„í—˜í•œ import ê²€ì‚¬ ì‹¤íŒ¨", "error": {"type": "AssertionError", "message": "ë°œê²¬ëœ ìœ„í—˜í•œ import: [{'file': 'src/ui/game.py', 'line': 16, 'import': 'eval', 'code': 'from ..dsl.logic.evaluator import PatentabilityEvaluator'}, {'file': 'src/ui/game.py', 'line': 17, 'import': 'eval', 'code': 'from ..dsl.logic.llm_evaluator import LLMClaimEvaluator, get_llm_evaluator'}]\nassert 2 == 0\n +  where 2 = len([{'file': 'src/ui/game.py', 'line': 16, 'import': 'eval', 'code': 'from ..dsl.logic.evaluator import PatentabilityEvaluator'}, {'file': 'src/ui/game.py', 'line': 17, 'import': 'eval', 'code': 'from ..dsl.logic.llm_evaluator import LLMClaimEvaluator, get_llm_evaluator'}])", "traceback": "Traceback (most recent call last):\n  File \"/mnt/d/progress/The-First-Claim/tests/test_security_scan.py\", line 119, in test_no_dangerous_imports\n    assert len(found_dangerous) == 0, f\"ë°œê²¬ëœ ìœ„í—˜í•œ import: {found_dangerous}\"\nAssertionError: ë°œê²¬ëœ ìœ„í—˜í•œ import: [{'file': 'src/ui/game.py', 'line': 16, 'import': 'eval', 'code': 'from ..dsl.logic.evaluator import PatentabilityEvaluator'}, {'file': 'src/ui/game.py', 'line': 17, 'import': 'eval', 'code': 'from ..dsl.logic.llm_evaluator import LLMClaimEvaluator, get_llm_evaluator'}]\nassert 2 == 0\n +  where 2 = len([{'file': 'src/ui/game.py', 'line': 16, 'import': 'eval', 'code': 'from ..dsl.logic.evaluator import PatentabilityEvaluator'}, {'file': 'src/ui/game.py', 'line': 17, 'import': 'eval', 'code': 'from ..dsl.logic.llm_evaluator import LLMClaimEvaluator, get_llm_evaluator'}])\n"}}
[31m[1m__________ TestSecurityStaticAnalysis.test_input_validation_presence ___________[0m
[1m[31mtests/test_security_scan.py[0m:166: in test_input_validation_presence
    [0m[94massert[39;49;00m files_with_validation / total_files >= [94m0.5[39;49;00m[90m[39;49;00m
[1m[31mE   assert (8 / 19) >= 0.5[0m
----------------------------- Captured stderr call -----------------------------
[INFO] 2025-12-04 14:30:00 - test_security_static: {"timestamp": "2025-12-04T05:30:00.646567", "level": "INFO", "logger": "test_security_static", "message": "ì…ë ¥ ìœ íš¨ì„± ê²€ì‚¬ í™•ì¸ ì‹œì‘"}
[INFO] 2025-12-04 14:30:00 - test_security_static: {"timestamp": "2025-12-04T05:30:00.646567", "level": "INFO", "logger": "test_security_static", "message": "ì…ë ¥ ìœ íš¨ì„± ê²€ì‚¬ í™•ì¸ ì‹œì‘"}
[INFO] 2025-12-04 14:30:00 - test_security_static: {"timestamp": "2025-12-04T05:30:00.646567", "level": "INFO", "logger": "test_security_static", "message": "ì…ë ¥ ìœ íš¨ì„± ê²€ì‚¬ í™•ì¸ ì‹œì‘"}
[INFO] 2025-12-04 14:30:00 - test_security_static: {"timestamp": "2025-12-04T05:30:00.806987", "level": "INFO", "logger": "test_security_static", "message": "ì…ë ¥ ìœ íš¨ì„± ê²€ì‚¬ í™•ì¸ ì™„ë£Œ", "context": {"total_files": 19, "files_with_validation": 8, "coverage_percent": 42.10526315789473}}
[INFO] 2025-12-04 14:30:00 - test_security_static: {"timestamp": "2025-12-04T05:30:00.806987", "level": "INFO", "logger": "test_security_static", "message": "ì…ë ¥ ìœ íš¨ì„± ê²€ì‚¬ í™•ì¸ ì™„ë£Œ", "context": {"total_files": 19, "files_with_validation": 8, "coverage_percent": 42.10526315789473}}
[INFO] 2025-12-04 14:30:00 - test_security_static: {"timestamp": "2025-12-04T05:30:00.806987", "level": "INFO", "logger": "test_security_static", "message": "ì…ë ¥ ìœ íš¨ì„± ê²€ì‚¬ í™•ì¸ ì™„ë£Œ", "context": {"total_files": 19, "files_with_validation": 8, "coverage_percent": 42.10526315789473}}
[ERROR] 2025-12-04 14:30:00 - test_security_static: {"timestamp": "2025-12-04T05:30:00.807758", "level": "ERROR", "logger": "test_security_static", "message": "ì…ë ¥ ìœ íš¨ì„± ê²€ì‚¬ í™•ì¸ ì‹¤íŒ¨", "error": {"type": "AssertionError", "message": "assert (8 / 19) >= 0.5", "traceback": "Traceback (most recent call last):\n  File \"/mnt/d/progress/The-First-Claim/tests/test_security_scan.py\", line 166, in test_input_validation_presence\n    assert files_with_validation / total_files >= 0.5\nAssertionError: assert (8 / 19) >= 0.5\n"}}
[ERROR] 2025-12-04 14:30:00 - test_security_static: {"timestamp": "2025-12-04T05:30:00.807758", "level": "ERROR", "logger": "test_security_static", "message": "ì…ë ¥ ìœ íš¨ì„± ê²€ì‚¬ í™•ì¸ ì‹¤íŒ¨", "error": {"type": "AssertionError", "message": "assert (8 / 19) >= 0.5", "traceback": "Traceback (most recent call last):\n  File \"/mnt/d/progress/The-First-Claim/tests/test_security_scan.py\", line 166, in test_input_validation_presence\n    assert files_with_validation / total_files >= 0.5\nAssertionError: assert (8 / 19) >= 0.5\n"}}
[ERROR] 2025-12-04 14:30:00 - test_security_static: {"timestamp": "2025-12-04T05:30:00.807758", "level": "ERROR", "logger": "test_security_static", "message": "ì…ë ¥ ìœ íš¨ì„± ê²€ì‚¬ í™•ì¸ ì‹¤íŒ¨", "error": {"type": "AssertionError", "message": "assert (8 / 19) >= 0.5", "traceback": "Traceback (most recent call last):\n  File \"/mnt/d/progress/The-First-Claim/tests/test_security_scan.py\", line 166, in test_input_validation_presence\n    assert files_with_validation / total_files >= 0.5\nAssertionError: assert (8 / 19) >= 0.5\n"}}
------------------------------ Captured log call -------------------------------
[32mINFO    [0m test_security_static:logger.py:149 {"timestamp": "2025-12-04T05:30:00.646567", "level": "INFO", "logger": "test_security_static", "message": "ì…ë ¥ ìœ íš¨ì„± ê²€ì‚¬ í™•ì¸ ì‹œì‘"}
[32mINFO    [0m test_security_static:logger.py:149 {"timestamp": "2025-12-04T05:30:00.806987", "level": "INFO", "logger": "test_security_static", "message": "ì…ë ¥ ìœ íš¨ì„± ê²€ì‚¬ í™•ì¸ ì™„ë£Œ", "context": {"total_files": 19, "files_with_validation": 8, "coverage_percent": 42.10526315789473}}
[31m[1mERROR   [0m test_security_static:logger.py:187 {"timestamp": "2025-12-04T05:30:00.807758", "level": "ERROR", "logger": "test_security_static", "message": "ì…ë ¥ ìœ íš¨ì„± ê²€ì‚¬ í™•ì¸ ì‹¤íŒ¨", "error": {"type": "AssertionError", "message": "assert (8 / 19) >= 0.5", "traceback": "Traceback (most recent call last):\n  File \"/mnt/d/progress/The-First-Claim/tests/test_security_scan.py\", line 166, in test_input_validation_presence\n    assert files_with_validation / total_files >= 0.5\nAssertionError: assert (8 / 19) >= 0.5\n"}}
[31m[1m______________ TestDependencyVulnerabilities.test_pinned_versions ______________[0m
[1m[31mtests/test_security_scan.py[0m:470: in test_pinned_versions
    [0m[94massert[39;49;00m [96mlen[39;49;00m(pinned) / [96mlen[39;49;00m(packages) >= [94m0.5[39;49;00m[90m[39;49;00m
[1m[31mE   AssertionError: assert (0 / 12) >= 0.5[0m
[1m[31mE    +  where 0 = len([])[0m
[1m[31mE    +  and   12 = len(['python-dotenv>=1.0.0', 'pydantic>=2.0.0', 'typing-extensions>=4.0.0', 'numpy>=1.21.0', 'pandas>=1.3.0', 'pytest>=7.0.0', 'pytest-cov>=4.0.0', 'black>=23.0.0', 'mypy>=1.0.0', 'sentry-sdk>=1.40.0', 'requests>=2.28.0', 'pdfplumber>=0.9.0'])[0m
----------------------------- Captured stderr call -----------------------------
[INFO] 2025-12-04 14:30:01 - test_dependencies: {"timestamp": "2025-12-04T05:30:01.153454", "level": "INFO", "logger": "test_dependencies", "message": "ë²„ì „ ëª…ì‹œ í™•ì¸ ì‹œì‘"}
[INFO] 2025-12-04 14:30:01 - test_dependencies: {"timestamp": "2025-12-04T05:30:01.153454", "level": "INFO", "logger": "test_dependencies", "message": "ë²„ì „ ëª…ì‹œ í™•ì¸ ì‹œì‘"}
[INFO] 2025-12-04 14:30:01 - test_dependencies: {"timestamp": "2025-12-04T05:30:01.155777", "level": "INFO", "logger": "test_dependencies", "message": "ë²„ì „ ëª…ì‹œ í™•ì¸ ì™„ë£Œ", "context": {"total_packages": 12, "pinned_packages": 0, "coverage_percent": 0.0}}
[INFO] 2025-12-04 14:30:01 - test_dependencies: {"timestamp": "2025-12-04T05:30:01.155777", "level": "INFO", "logger": "test_dependencies", "message": "ë²„ì „ ëª…ì‹œ í™•ì¸ ì™„ë£Œ", "context": {"total_packages": 12, "pinned_packages": 0, "coverage_percent": 0.0}}
[ERROR] 2025-12-04 14:30:01 - test_dependencies: {"timestamp": "2025-12-04T05:30:01.156569", "level": "ERROR", "logger": "test_dependencies", "message": "ë²„ì „ ëª…ì‹œ í™•ì¸ ì‹¤íŒ¨", "error": {"type": "AssertionError", "message": "assert (0 / 12) >= 0.5\n +  where 0 = len([])\n +  and   12 = len(['python-dotenv>=1.0.0', 'pydantic>=2.0.0', 'typing-extensions>=4.0.0', 'numpy>=1.21.0', 'pandas>=1.3.0', 'pytest>=7.0.0', 'pytest-cov>=4.0.0', 'black>=23.0.0', 'mypy>=1.0.0', 'sentry-sdk>=1.40.0', 'requests>=2.28.0', 'pdfplumber>=0.9.0'])", "traceback": "Traceback (most recent call last):\n  File \"/mnt/d/progress/The-First-Claim/tests/test_security_scan.py\", line 470, in test_pinned_versions\n    assert len(pinned) / len(packages) >= 0.5\nAssertionError: assert (0 / 12) >= 0.5\n +  where 0 = len([])\n +  and   12 = len(['python-dotenv>=1.0.0', 'pydantic>=2.0.0', 'typing-extensions>=4.0.0', 'numpy>=1.21.0', 'pandas>=1.3.0', 'pytest>=7.0.0', 'pytest-cov>=4.0.0', 'black>=23.0.0', 'mypy>=1.0.0', 'sentry-sdk>=1.40.0', 'requests>=2.28.0', 'pdfplumber>=0.9.0'])\n"}}
[ERROR] 2025-12-04 14:30:01 - test_dependencies: {"timestamp": "2025-12-04T05:30:01.156569", "level": "ERROR", "logger": "test_dependencies", "message": "ë²„ì „ ëª…ì‹œ í™•ì¸ ì‹¤íŒ¨", "error": {"type": "AssertionError", "message": "assert (0 / 12) >= 0.5\n +  where 0 = len([])\n +  and   12 = len(['python-dotenv>=1.0.0', 'pydantic>=2.0.0', 'typing-extensions>=4.0.0', 'numpy>=1.21.0', 'pandas>=1.3.0', 'pytest>=7.0.0', 'pytest-cov>=4.0.0', 'black>=23.0.0', 'mypy>=1.0.0', 'sentry-sdk>=1.40.0', 'requests>=2.28.0', 'pdfplumber>=0.9.0'])", "traceback": "Traceback (most recent call last):\n  File \"/mnt/d/progress/The-First-Claim/tests/test_security_scan.py\", line 470, in test_pinned_versions\n    assert len(pinned) / len(packages) >= 0.5\nAssertionError: assert (0 / 12) >= 0.5\n +  where 0 = len([])\n +  and   12 = len(['python-dotenv>=1.0.0', 'pydantic>=2.0.0', 'typing-extensions>=4.0.0', 'numpy>=1.21.0', 'pandas>=1.3.0', 'pytest>=7.0.0', 'pytest-cov>=4.0.0', 'black>=23.0.0', 'mypy>=1.0.0', 'sentry-sdk>=1.40.0', 'requests>=2.28.0', 'pdfplumber>=0.9.0'])\n"}}
------------------------------ Captured log call -------------------------------
[32mINFO    [0m test_dependencies:logger.py:149 {"timestamp": "2025-12-04T05:30:01.153454", "level": "INFO", "logger": "test_dependencies", "message": "ë²„ì „ ëª…ì‹œ í™•ì¸ ì‹œì‘"}
[32mINFO    [0m test_dependencies:logger.py:149 {"timestamp": "2025-12-04T05:30:01.155777", "level": "INFO", "logger": "test_dependencies", "message": "ë²„ì „ ëª…ì‹œ í™•ì¸ ì™„ë£Œ", "context": {"total_packages": 12, "pinned_packages": 0, "coverage_percent": 0.0}}
[31m[1mERROR   [0m test_dependencies:logger.py:187 {"timestamp": "2025-12-04T05:30:01.156569", "level": "ERROR", "logger": "test_dependencies", "message": "ë²„ì „ ëª…ì‹œ í™•ì¸ ì‹¤íŒ¨", "error": {"type": "AssertionError", "message": "assert (0 / 12) >= 0.5\n +  where 0 = len([])\n +  and   12 = len(['python-dotenv>=1.0.0', 'pydantic>=2.0.0', 'typing-extensions>=4.0.0', 'numpy>=1.21.0', 'pandas>=1.3.0', 'pytest>=7.0.0', 'pytest-cov>=4.0.0', 'black>=23.0.0', 'mypy>=1.0.0', 'sentry-sdk>=1.40.0', 'requests>=2.28.0', 'pdfplumber>=0.9.0'])", "traceback": "Traceback (most recent call last):\n  File \"/mnt/d/progress/The-First-Claim/tests/test_security_scan.py\", line 470, in test_pinned_versions\n    assert len(pinned) / len(packages) >= 0.5\nAssertionError: assert (0 / 12) >= 0.5\n +  where 0 = len([])\n +  and   12 = len(['python-dotenv>=1.0.0', 'pydantic>=2.0.0', 'typing-extensions>=4.0.0', 'numpy>=1.21.0', 'pandas>=1.3.0', 'pytest>=7.0.0', 'pytest-cov>=4.0.0', 'black>=23.0.0', 'mypy>=1.0.0', 'sentry-sdk>=1.40.0', 'requests>=2.28.0', 'pdfplumber>=0.9.0'])\n"}}
[31m[1m__________ TestPythonVersionCompatibility.test_python_version_support __________[0m
[1m[31mtests/test_compatibility.py[0m:43: in test_python_version_support
    [0m[94massert[39;49;00m is_supported, [33mf[39;49;00m[33m"[39;49;00m[33mPython [39;49;00m[33m{[39;49;00mcurrent_version.major[33m}[39;49;00m[33m.[39;49;00m[33m{[39;49;00mcurrent_version.minor[33m}[39;49;00m[33mì€ ì§€ì›ë˜ì§€ ì•ŠìŠµë‹ˆë‹¤[39;49;00m[33m"[39;49;00m[90m[39;49;00m
[1m[31mE   AssertionError: Python 3.13ì€ ì§€ì›ë˜ì§€ ì•ŠìŠµë‹ˆë‹¤[0m
[1m[31mE   assert False[0m
----------------------------- Captured stderr call -----------------------------
[INFO] 2025-12-04 14:30:01 - test_compatibility_python: {"timestamp": "2025-12-04T05:30:01.172217", "level": "INFO", "logger": "test_compatibility_python", "message": "Python ë²„ì „ í˜¸í™˜ì„± í…ŒìŠ¤íŠ¸ ì‹œì‘"}
[INFO] 2025-12-04 14:30:01 - test_compatibility_python: {"timestamp": "2025-12-04T05:30:01.172544", "level": "INFO", "logger": "test_compatibility_python", "message": "Python ë²„ì „ í™•ì¸", "context": {"current_version": "3.13.5", "supported_versions": ["3.9", "3.10", "3.11", "3.12"], "is_supported": false}}
------------------------------ Captured log call -------------------------------
[32mINFO    [0m test_compatibility_python:logger.py:149 {"timestamp": "2025-12-04T05:30:01.172217", "level": "INFO", "logger": "test_compatibility_python", "message": "Python ë²„ì „ í˜¸í™˜ì„± í…ŒìŠ¤íŠ¸ ì‹œì‘"}
[32mINFO    [0m test_compatibility_python:logger.py:149 {"timestamp": "2025-12-04T05:30:01.172544", "level": "INFO", "logger": "test_compatibility_python", "message": "Python ë²„ì „ í™•ì¸", "context": {"current_version": "3.13.5", "supported_versions": ["3.9", "3.10", "3.11", "3.12"], "is_supported": false}}
[36m[1m=========================== short test summary info ============================[0m
[31mFAILED[0m tests/test_performance_benchmarks.py::[1mTestPerformanceBenchmarks::test_concurrent_session_handling_performance[0m - assert False is True
[31mFAILED[0m tests/test_performance_benchmarks.py::[1mTestStressLimits::test_many_claims_per_session[0m - AssertionError: assert 0 == 50
 +  where 0 = len([])
 +    where [] = GameSession(session_id='stress_many_claims', player='\ub2e4\ub7c9\ud14c\uc2a4\ud130', status=idle).claims
[31mFAILED[0m tests/test_security_scan.py::[1mTestSecurityStaticAnalysis::test_no_dangerous_imports[0m - AssertionError: ë°œê²¬ëœ ìœ„í—˜í•œ import: [{'file': 'src/ui/game.py', 'line': 16, 'import': 'eval', 'code': 'from ..dsl.logic.evaluator import PatentabilityEvaluator'}, {'file': 'src/ui/game.py', 'line': 17, 'import': 'eval', 'code': 'from ..dsl.logic.llm_evaluator import LLMClaimEvaluator, get_llm_evaluator'}]
assert 2 == 0
 +  where 2 = len([{'file': 'src/ui/game.py', 'line': 16, 'import': 'eval', 'code': 'from ..dsl.logic.evaluator import PatentabilityEvaluator'}, {'file': 'src/ui/game.py', 'line': 17, 'import': 'eval', 'code': 'from ..dsl.logic.llm_evaluator import LLMClaimEvaluator, get_llm_evaluator'}])
[31mFAILED[0m tests/test_security_scan.py::[1mTestSecurityStaticAnalysis::test_input_validation_presence[0m - assert (8 / 19) >= 0.5
[31mFAILED[0m tests/test_security_scan.py::[1mTestDependencyVulnerabilities::test_pinned_versions[0m - AssertionError: assert (0 / 12) >= 0.5
 +  where 0 = len([])
 +  and   12 = len(['python-dotenv>=1.0.0', 'pydantic>=2.0.0', 'typing-extensions>=4.0.0', 'numpy>=1.21.0', 'pandas>=1.3.0', 'pytest>=7.0.0', 'pytest-cov>=4.0.0', 'black>=23.0.0', 'mypy>=1.0.0', 'sentry-sdk>=1.40.0', 'requests>=2.28.0', 'pdfplumber>=0.9.0'])
[31mFAILED[0m tests/test_compatibility.py::[1mTestPythonVersionCompatibility::test_python_version_support[0m - AssertionError: Python 3.13ì€ ì§€ì›ë˜ì§€ ì•ŠìŠµë‹ˆë‹¤
assert False
[31m================== [31m[1m6 failed[0m, [32m27 passed[0m, [33m95 warnings[0m[31m in 7.77s[0m[31m ===================[0m
